c:\users\salaz_000\desktop\salazar_uriel_csc17a_32232\homework\salazar_uriel_hw5\salazar_uriel_hw5\debug\vc140.pdb
c:\users\salaz_000\desktop\salazar_uriel_csc17a_32232\homework\salazar_uriel_hw5\salazar_uriel_hw5\debug\vc140.idb
c:\users\salaz_000\desktop\salazar_uriel_csc17a_32232\homework\salazar_uriel_hw5\salazar_uriel_hw5\debug\assassin.obj
c:\users\salaz_000\desktop\salazar_uriel_csc17a_32232\homework\salazar_uriel_hw5\salazar_uriel_hw5\debug\enemy.obj
c:\users\salaz_000\desktop\salazar_uriel_csc17a_32232\homework\salazar_uriel_hw5\salazar_uriel_hw5\debug\fighter.obj
c:\users\salaz_000\desktop\salazar_uriel_csc17a_32232\homework\salazar_uriel_hw5\salazar_uriel_hw5\debug\main.obj
c:\users\salaz_000\desktop\salazar_uriel_csc17a_32232\homework\salazar_uriel_hw5\salazar_uriel_hw5\debug\orc.obj
c:\users\salaz_000\desktop\salazar_uriel_csc17a_32232\homework\salazar_uriel_hw5\salazar_uriel_hw5\debug\player.obj
c:\users\salaz_000\desktop\salazar_uriel_csc17a_32232\homework\salazar_uriel_hw5\salazar_uriel_hw5\debug\ranger.obj
c:\users\salaz_000\desktop\salazar_uriel_csc17a_32232\homework\salazar_uriel_hw5\salazar_uriel_hw5\debug\rogue.obj
c:\users\salaz_000\desktop\salazar_uriel_csc17a_32232\homework\salazar_uriel_hw5\salazar_uriel_hw5\debug\warlock.obj
c:\users\salaz_000\desktop\salazar_uriel_csc17a_32232\homework\salazar_uriel_hw5\salazar_uriel_hw5\debug\wizard.obj
c:\users\salaz_000\desktop\salazar_uriel_csc17a_32232\homework\salazar_uriel_hw5\debug\salazar_uriel_hw5.ilk
c:\users\salaz_000\desktop\salazar_uriel_csc17a_32232\homework\salazar_uriel_hw5\debug\salazar_uriel_hw5.exe
c:\users\salaz_000\desktop\salazar_uriel_csc17a_32232\homework\salazar_uriel_hw5\debug\salazar_uriel_hw5.pdb
c:\users\salaz_000\desktop\salazar_uriel_csc17a_32232\homework\salazar_uriel_hw5\salazar_uriel_hw5\debug\salazar_.f0d40654.tlog\cl.command.1.tlog
c:\users\salaz_000\desktop\salazar_uriel_csc17a_32232\homework\salazar_uriel_hw5\salazar_uriel_hw5\debug\salazar_.f0d40654.tlog\cl.read.1.tlog
c:\users\salaz_000\desktop\salazar_uriel_csc17a_32232\homework\salazar_uriel_hw5\salazar_uriel_hw5\debug\salazar_.f0d40654.tlog\cl.write.1.tlog
c:\users\salaz_000\desktop\salazar_uriel_csc17a_32232\homework\salazar_uriel_hw5\salazar_uriel_hw5\debug\salazar_.f0d40654.tlog\link.command.1.tlog
c:\users\salaz_000\desktop\salazar_uriel_csc17a_32232\homework\salazar_uriel_hw5\salazar_uriel_hw5\debug\salazar_.f0d40654.tlog\link.read.1.tlog
c:\users\salaz_000\desktop\salazar_uriel_csc17a_32232\homework\salazar_uriel_hw5\salazar_uriel_hw5\debug\salazar_.f0d40654.tlog\link.write.1.tlog
